Frame number: 0
Frame number: 1
Frame number: 2
Frame number: 3
Frame number: 4
Products gone between previous and current frame: set(), N#:0
Products added between previous and current frame: current frame: {'doritos#6', 'pringles#1', 'pringles#9', 'cocas#2', 'cocas#5', 'doritos#4', 'cocas#8', 'cocas#11', 'ememes#10', 'pringles#7', 'ememes#13', 'doritos#3', 'pringles#15'}, N#:13
Frame number: 5
Products gone between previous and current frame: set(), N#:0
Products added between previous and current frame: current frame: set(), N#:0
Frame number: 6
Products gone between previous and current frame: set(), N#:0
Products added between previous and current frame: current frame: set(), N#:0
Frame number: 7
Products gone between previous and current frame: set(), N#:0
Products added between previous and current frame: current frame: set(), N#:0
Frame number: 8
Products gone between previous and current frame: set(), N#:0
Products added between previous and current frame: current frame: set(), N#:0
Frame number: 9
Products gone between previous and current frame: set(), N#:0
Products added between previous and current frame: current frame: set(), N#:0
Frame number: 10
Products gone between previous and current frame: set(), N#:0
Products added between previous and current frame: current frame: set(), N#:0
Frame number: 11
Products gone between previous and current frame: set(), N#:0
Products added between previous and current frame: current frame: set(), N#:0
Frame number: 12
Products gone between previous and current frame: set(), N#:0
Products added between previous and current frame: current frame: set(), N#:0
Frame number: 13
Products gone between previous and current frame: set(), N#:0
Products added between previous and current frame: current frame: set(), N#:0
Frame number: 14
Products gone between previous and current frame: set(), N#:0
Products added between previous and current frame: current frame: set(), N#:0
Frame number: 15
Products gone between previous and current frame: set(), N#:0
Products added between previous and current frame: current frame: set(), N#:0
Frame number: 16
Products gone between previous and current frame: set(), N#:0
Products added between previous and current frame: current frame: set(), N#:0
Frame number: 17
Products gone between previous and current frame: set(), N#:0
Products added between previous and current frame: current frame: set(), N#:0
Frame number: 18
Products gone between previous and current frame: set(), N#:0
Products added between previous and current frame: current frame: set(), N#:0
Frame number: 19
Products gone between previous and current frame: set(), N#:0
Products added between previous and current frame: current frame: set(), N#:0
Frame number: 20
Products gone between previous and current frame: set(), N#:0
Products added between previous and current frame: current frame: set(), N#:0
Frame number: 21
Products gone between previous and current frame: set(), N#:0
Products added between previous and current frame: current frame: set(), N#:0
Frame number: 22
Products gone between previous and current frame: set(), N#:0
Products added between previous and current frame: current frame: set(), N#:0
Frame number: 23
Products gone between previous and current frame: set(), N#:0
Products added between previous and current frame: current frame: set(), N#:0
Frame number: 24
Products gone between previous and current frame: set(), N#:0
Products added between previous and current frame: current frame: set(), N#:0
Frame number: 25
Products gone between previous and current frame: set(), N#:0
Products added between previous and current frame: current frame: set(), N#:0
Frame number: 26
Products gone between previous and current frame: set(), N#:0
Products added between previous and current frame: current frame: set(), N#:0
Frame number: 27
Products gone between previous and current frame: set(), N#:0
Products added between previous and current frame: current frame: set(), N#:0
Frame number: 28
Products gone between previous and current frame: set(), N#:0
Products added between previous and current frame: current frame: set(), N#:0
Frame number: 29
Products gone between previous and current frame: set(), N#:0
Products added between previous and current frame: current frame: set(), N#:0
Frame number: 30
Products gone between previous and current frame: set(), N#:0
Products added between previous and current frame: current frame: set(), N#:0
Frame number: 31
Products gone between previous and current frame: set(), N#:0
Products added between previous and current frame: current frame: set(), N#:0
Frame number: 32
Products gone between previous and current frame: set(), N#:0
Products added between previous and current frame: current frame: set(), N#:0
Frame number: 33
Products gone between previous and current frame: set(), N#:0
Products added between previous and current frame: current frame: set(), N#:0
Frame number: 34
Products gone between previous and current frame: set(), N#:0
Products added between previous and current frame: current frame: set(), N#:0
Frame number: 35
Products gone between previous and current frame: set(), N#:0
Products added between previous and current frame: current frame: set(), N#:0
Frame number: 36
Products gone between previous and current frame: set(), N#:0
Products added between previous and current frame: current frame: set(), N#:0
Frame number: 37
Products gone between previous and current frame: set(), N#:0
Products added between previous and current frame: current frame: set(), N#:0
Frame number: 38
Products gone between previous and current frame: set(), N#:0
Products added between previous and current frame: current frame: set(), N#:0
Frame number: 39
Products gone between previous and current frame: set(), N#:0
Products added between previous and current frame: current frame: set(), N#:0
Frame number: 40
Products gone between previous and current frame: set(), N#:0
Products added between previous and current frame: current frame: set(), N#:0
Frame number: 41
Products gone between previous and current frame: set(), N#:0
Products added between previous and current frame: current frame: set(), N#:0
Frame number: 42
Products gone between previous and current frame: set(), N#:0
Products added between previous and current frame: current frame: set(), N#:0
Frame number: 43
Products gone between previous and current frame: set(), N#:0
Products added between previous and current frame: current frame: set(), N#:0
Frame number: 44
Products gone between previous and current frame: set(), N#:0
Products added between previous and current frame: current frame: set(), N#:0
Frame number: 45
Products gone between previous and current frame: set(), N#:0
Products added between previous and current frame: current frame: set(), N#:0
Frame number: 46
Products gone between previous and current frame: set(), N#:0
Products added between previous and current frame: current frame: set(), N#:0
Frame number: 47
Products gone between previous and current frame: set(), N#:0
Products added between previous and current frame: current frame: set(), N#:0
Frame number: 48
Products gone between previous and current frame: set(), N#:0
Products added between previous and current frame: current frame: set(), N#:0
Frame number: 49
Products gone between previous and current frame: set(), N#:0
Products added between previous and current frame: current frame: set(), N#:0
Frame number: 50
Products gone between previous and current frame: set(), N#:0
Products added between previous and current frame: current frame: set(), N#:0
Frame number: 51
Products gone between previous and current frame: set(), N#:0
Products added between previous and current frame: current frame: set(), N#:0
Frame number: 52
Products gone between previous and current frame: set(), N#:0
Products added between previous and current frame: current frame: set(), N#:0
Frame number: 53
Products gone between previous and current frame: set(), N#:0
Products added between previous and current frame: current frame: set(), N#:0
Frame number: 54
Products gone between previous and current frame: set(), N#:0
Products added between previous and current frame: current frame: set(), N#:0
Frame number: 55
Products gone between previous and current frame: set(), N#:0
Products added between previous and current frame: current frame: set(), N#:0
Frame number: 56
Products gone between previous and current frame: set(), N#:0
Products added between previous and current frame: current frame: set(), N#:0
Frame number: 57
Products gone between previous and current frame: set(), N#:0
Products added between previous and current frame: current frame: set(), N#:0
Frame number: 58
Products gone between previous and current frame: set(), N#:0
Products added between previous and current frame: current frame: set(), N#:0
Frame number: 59
Products gone between previous and current frame: set(), N#:0
Products added between previous and current frame: current frame: set(), N#:0
Frame number: 60
Products gone between previous and current frame: set(), N#:0
Products added between previous and current frame: current frame: set(), N#:0
Frame number: 61
Products gone between previous and current frame: set(), N#:0
Products added between previous and current frame: current frame: set(), N#:0
Frame number: 62
Products gone between previous and current frame: set(), N#:0
Products added between previous and current frame: current frame: set(), N#:0
Frame number: 63
Products gone between previous and current frame: set(), N#:0
Products added between previous and current frame: current frame: set(), N#:0
Frame number: 64
Products gone between previous and current frame: set(), N#:0
Products added between previous and current frame: current frame: set(), N#:0
Frame number: 65
Products gone between previous and current frame: set(), N#:0
Products added between previous and current frame: current frame: set(), N#:0
Frame number: 66
Products gone between previous and current frame: set(), N#:0
Products added between previous and current frame: current frame: set(), N#:0
Frame number: 67
Products gone between previous and current frame: set(), N#:0
Products added between previous and current frame: current frame: set(), N#:0
Frame number: 68
Products gone between previous and current frame: set(), N#:0
Products added between previous and current frame: current frame: set(), N#:0
Frame number: 69
Products gone between previous and current frame: set(), N#:0
Products added between previous and current frame: current frame: set(), N#:0
Frame number: 70
Products gone between previous and current frame: set(), N#:0
Products added between previous and current frame: current frame: set(), N#:0
Frame number: 71
Products gone between previous and current frame: set(), N#:0
Products added between previous and current frame: current frame: set(), N#:0
Frame number: 72
Products gone between previous and current frame: set(), N#:0
Products added between previous and current frame: current frame: set(), N#:0
Frame number: 73
Products gone between previous and current frame: set(), N#:0
Products added between previous and current frame: current frame: set(), N#:0
Frame number: 74
Products gone between previous and current frame: set(), N#:0
Products added between previous and current frame: current frame: set(), N#:0
Frame number: 75
Products gone between previous and current frame: set(), N#:0
Products added between previous and current frame: current frame: set(), N#:0
Frame number: 76
Products gone between previous and current frame: set(), N#:0
Products added between previous and current frame: current frame: set(), N#:0
Frame number: 77
Products gone between previous and current frame: set(), N#:0
Products added between previous and current frame: current frame: set(), N#:0
Frame number: 78
Products gone between previous and current frame: set(), N#:0
Products added between previous and current frame: current frame: set(), N#:0
Frame number: 79
Products gone between previous and current frame: set(), N#:0
Products added between previous and current frame: current frame: set(), N#:0
Frame number: 80
Products gone between previous and current frame: set(), N#:0
Products added between previous and current frame: current frame: set(), N#:0
Frame number: 81
Products gone between previous and current frame: set(), N#:0
Products added between previous and current frame: current frame: set(), N#:0
Frame number: 82
Products gone between previous and current frame: set(), N#:0
Products added between previous and current frame: current frame: set(), N#:0
Frame number: 83
Products gone between previous and current frame: set(), N#:0
Products added between previous and current frame: current frame: set(), N#:0
Frame number: 84
Products gone between previous and current frame: set(), N#:0
Products added between previous and current frame: current frame: set(), N#:0
Frame number: 85
Products gone between previous and current frame: set(), N#:0
Products added between previous and current frame: current frame: set(), N#:0
Frame number: 86
Products gone between previous and current frame: set(), N#:0
Products added between previous and current frame: current frame: set(), N#:0
Frame number: 87
Products gone between previous and current frame: set(), N#:0
Products added between previous and current frame: current frame: set(), N#:0
Frame number: 88
Products gone between previous and current frame: set(), N#:0
Products added between previous and current frame: current frame: set(), N#:0
Frame number: 89
Products gone between previous and current frame: set(), N#:0
Products added between previous and current frame: current frame: set(), N#:0
Frame number: 90
Products gone between previous and current frame: set(), N#:0
Products added between previous and current frame: current frame: set(), N#:0
Frame number: 91
Products gone between previous and current frame: set(), N#:0
Products added between previous and current frame: current frame: set(), N#:0
Frame number: 92
Products gone between previous and current frame: set(), N#:0
Products added between previous and current frame: current frame: set(), N#:0
Frame number: 93
Products gone between previous and current frame: set(), N#:0
Products added between previous and current frame: current frame: set(), N#:0
Frame number: 94
Products gone between previous and current frame: set(), N#:0
Products added between previous and current frame: current frame: set(), N#:0
Frame number: 95
Products gone between previous and current frame: set(), N#:0
Products added between previous and current frame: current frame: set(), N#:0
Frame number: 96
Products gone between previous and current frame: set(), N#:0
Products added between previous and current frame: current frame: set(), N#:0
Frame number: 97
Products gone between previous and current frame: set(), N#:0
Products added between previous and current frame: current frame: set(), N#:0
Frame number: 98
Products gone between previous and current frame: set(), N#:0
Products added between previous and current frame: current frame: set(), N#:0
Frame number: 99
Products gone between previous and current frame: set(), N#:0
Products added between previous and current frame: current frame: set(), N#:0
Frame number: 100
Products gone between previous and current frame: set(), N#:0
Products added between previous and current frame: current frame: set(), N#:0
Frame number: 101
Products gone between previous and current frame: set(), N#:0
Products added between previous and current frame: current frame: set(), N#:0
Frame number: 102
Products gone between previous and current frame: set(), N#:0
Products added between previous and current frame: current frame: set(), N#:0
Frame number: 103
Products gone between previous and current frame: set(), N#:0
Products added between previous and current frame: current frame: set(), N#:0
Frame number: 104
Products gone between previous and current frame: set(), N#:0
Products added between previous and current frame: current frame: set(), N#:0
Frame number: 105
Products gone between previous and current frame: set(), N#:0
Products added between previous and current frame: current frame: set(), N#:0
Frame number: 106
Products gone between previous and current frame: set(), N#:0
Products added between previous and current frame: current frame: set(), N#:0
Frame number: 107
Products gone between previous and current frame: set(), N#:0
Products added between previous and current frame: current frame: set(), N#:0
Frame number: 108
Products gone between previous and current frame: set(), N#:0
Products added between previous and current frame: current frame: set(), N#:0
Frame number: 109
Products gone between previous and current frame: set(), N#:0
Products added between previous and current frame: current frame: set(), N#:0
Frame number: 110
Products gone between previous and current frame: set(), N#:0
Products added between previous and current frame: current frame: set(), N#:0
Frame number: 111
Products gone between previous and current frame: set(), N#:0
Products added between previous and current frame: current frame: set(), N#:0
Frame number: 112
Products gone between previous and current frame: set(), N#:0
Products added between previous and current frame: current frame: set(), N#:0
Frame number: 113
Products gone between previous and current frame: set(), N#:0
Products added between previous and current frame: current frame: set(), N#:0
Frame number: 114
Products gone between previous and current frame: set(), N#:0
Products added between previous and current frame: current frame: set(), N#:0
Frame number: 115
Products gone between previous and current frame: set(), N#:0
Products added between previous and current frame: current frame: set(), N#:0
Frame number: 116
Products gone between previous and current frame: set(), N#:0
Products added between previous and current frame: current frame: set(), N#:0
Frame number: 117
Products gone between previous and current frame: set(), N#:0
Products added between previous and current frame: current frame: set(), N#:0
Frame number: 118
Products gone between previous and current frame: set(), N#:0
Products added between previous and current frame: current frame: set(), N#:0
Frame number: 119
Products gone between previous and current frame: set(), N#:0
Products added between previous and current frame: current frame: set(), N#:0
Frame number: 120
Products gone between previous and current frame: set(), N#:0
Products added between previous and current frame: current frame: set(), N#:0
Frame number: 121
Products gone between previous and current frame: set(), N#:0
Products added between previous and current frame: current frame: set(), N#:0
Frame number: 122
Products gone between previous and current frame: set(), N#:0
Products added between previous and current frame: current frame: set(), N#:0
Frame number: 123
Products gone between previous and current frame: set(), N#:0
Products added between previous and current frame: current frame: set(), N#:0
Frame number: 124
Products gone between previous and current frame: set(), N#:0
Products added between previous and current frame: current frame: set(), N#:0
Frame number: 125
Products gone between previous and current frame: set(), N#:0
Products added between previous and current frame: current frame: set(), N#:0
Frame number: 126
Products gone between previous and current frame: set(), N#:0
Products added between previous and current frame: current frame: set(), N#:0
Frame number: 127
Products gone between previous and current frame: set(), N#:0
Products added between previous and current frame: current frame: set(), N#:0
Frame number: 128
Products gone between previous and current frame: set(), N#:0
Products added between previous and current frame: current frame: set(), N#:0
Frame number: 129
Products gone between previous and current frame: set(), N#:0
Products added between previous and current frame: current frame: set(), N#:0
Frame number: 130
Products gone between previous and current frame: set(), N#:0
Products added between previous and current frame: current frame: set(), N#:0
Frame number: 131
Products gone between previous and current frame: {'cocas#5'}, N#:1
Products added between previous and current frame: current frame: set(), N#:0
Frame number: 132
Products gone between previous and current frame: set(), N#:0
Products added between previous and current frame: current frame: set(), N#:0
Frame number: 133
Products gone between previous and current frame: set(), N#:0
Products added between previous and current frame: current frame: set(), N#:0
Frame number: 134
Products gone between previous and current frame: set(), N#:0
Products added between previous and current frame: current frame: set(), N#:0
Frame number: 135
Products gone between previous and current frame: set(), N#:0
Products added between previous and current frame: current frame: set(), N#:0
Frame number: 136
Products gone between previous and current frame: set(), N#:0
Products added between previous and current frame: current frame: set(), N#:0
Frame number: 137
Products gone between previous and current frame: set(), N#:0
Products added between previous and current frame: current frame: set(), N#:0
Frame number: 138
Products gone between previous and current frame: set(), N#:0
Products added between previous and current frame: current frame: set(), N#:0
Frame number: 139
Products gone between previous and current frame: set(), N#:0
Products added between previous and current frame: current frame: set(), N#:0
Frame number: 140
Products gone between previous and current frame: set(), N#:0
Products added between previous and current frame: current frame: set(), N#:0
Frame number: 141
Products gone between previous and current frame: set(), N#:0
Products added between previous and current frame: current frame: set(), N#:0
Frame number: 142
Products gone between previous and current frame: set(), N#:0
Products added between previous and current frame: current frame: set(), N#:0
Frame number: 143
Products gone between previous and current frame: set(), N#:0
Products added between previous and current frame: current frame: set(), N#:0
Frame number: 144
Products gone between previous and current frame: set(), N#:0
Products added between previous and current frame: current frame: set(), N#:0
Frame number: 145
Products gone between previous and current frame: set(), N#:0
Products added between previous and current frame: current frame: set(), N#:0
Frame number: 146
Products gone between previous and current frame: set(), N#:0
Products added between previous and current frame: current frame: set(), N#:0
Frame number: 147
Products gone between previous and current frame: set(), N#:0
Products added between previous and current frame: current frame: set(), N#:0
Frame number: 148
Products gone between previous and current frame: set(), N#:0
Products added between previous and current frame: current frame: set(), N#:0
Frame number: 149
Products gone between previous and current frame: set(), N#:0
Products added between previous and current frame: current frame: set(), N#:0
Frame number: 150
Products gone between previous and current frame: set(), N#:0
Products added between previous and current frame: current frame: set(), N#:0
Frame number: 151
Products gone between previous and current frame: set(), N#:0
Products added between previous and current frame: current frame: set(), N#:0
Frame number: 152
Products gone between previous and current frame: set(), N#:0
Products added between previous and current frame: current frame: set(), N#:0
Frame number: 153
Products gone between previous and current frame: set(), N#:0
Products added between previous and current frame: current frame: set(), N#:0
Frame number: 154
Products gone between previous and current frame: set(), N#:0
Products added between previous and current frame: current frame: set(), N#:0
Frame number: 155
Products gone between previous and current frame: set(), N#:0
Products added between previous and current frame: current frame: set(), N#:0
Frame number: 156
Products gone between previous and current frame: set(), N#:0
Products added between previous and current frame: current frame: set(), N#:0
Frame number: 157
Products gone between previous and current frame: set(), N#:0
Products added between previous and current frame: current frame: set(), N#:0
Frame number: 158
Products gone between previous and current frame: set(), N#:0
Products added between previous and current frame: current frame: set(), N#:0
Frame number: 159
Products gone between previous and current frame: set(), N#:0
Products added between previous and current frame: current frame: set(), N#:0
Frame number: 160
Products gone between previous and current frame: set(), N#:0
Products added between previous and current frame: current frame: set(), N#:0
Frame number: 161
Products gone between previous and current frame: set(), N#:0
Products added between previous and current frame: current frame: set(), N#:0
Frame number: 162
Products gone between previous and current frame: set(), N#:0
Products added between previous and current frame: current frame: set(), N#:0
Frame number: 163
Products gone between previous and current frame: set(), N#:0
Products added between previous and current frame: current frame: set(), N#:0
Frame number: 164
Products gone between previous and current frame: set(), N#:0
Products added between previous and current frame: current frame: set(), N#:0
Frame number: 165
Products gone between previous and current frame: set(), N#:0
Products added between previous and current frame: current frame: set(), N#:0
Frame number: 166
Products gone between previous and current frame: set(), N#:0
Products added between previous and current frame: current frame: set(), N#:0
Frame number: 167
Products gone between previous and current frame: set(), N#:0
Products added between previous and current frame: current frame: set(), N#:0
Frame number: 168
Products gone between previous and current frame: set(), N#:0
Products added between previous and current frame: current frame: set(), N#:0
Frame number: 169
Products gone between previous and current frame: set(), N#:0
Products added between previous and current frame: current frame: set(), N#:0
Frame number: 170
Products gone between previous and current frame: set(), N#:0
Products added between previous and current frame: current frame: set(), N#:0
Frame number: 171
Products gone between previous and current frame: set(), N#:0
Products added between previous and current frame: current frame: set(), N#:0
Frame number: 172
Products gone between previous and current frame: set(), N#:0
Products added between previous and current frame: current frame: set(), N#:0
Frame number: 173
Products gone between previous and current frame: set(), N#:0
Products added between previous and current frame: current frame: set(), N#:0
Frame number: 174
Products gone between previous and current frame: set(), N#:0
Products added between previous and current frame: current frame: set(), N#:0
Frame number: 175
Products gone between previous and current frame: set(), N#:0
Products added between previous and current frame: current frame: set(), N#:0
Frame number: 176
Products gone between previous and current frame: set(), N#:0
Products added between previous and current frame: current frame: set(), N#:0
Frame number: 177
Products gone between previous and current frame: set(), N#:0
Products added between previous and current frame: current frame: set(), N#:0
Frame number: 178
Products gone between previous and current frame: set(), N#:0
Products added between previous and current frame: current frame: set(), N#:0
Frame number: 179
Products gone between previous and current frame: set(), N#:0
Products added between previous and current frame: current frame: set(), N#:0
Frame number: 180
Products gone between previous and current frame: set(), N#:0
Products added between previous and current frame: current frame: set(), N#:0
Frame number: 181
Products gone between previous and current frame: set(), N#:0
Products added between previous and current frame: current frame: set(), N#:0
Frame number: 182
Products gone between previous and current frame: set(), N#:0
Products added between previous and current frame: current frame: set(), N#:0
Frame number: 183
Products gone between previous and current frame: set(), N#:0
Products added between previous and current frame: current frame: set(), N#:0
Frame number: 184
Products gone between previous and current frame: set(), N#:0
Products added between previous and current frame: current frame: set(), N#:0
Frame number: 185
Products gone between previous and current frame: set(), N#:0
Products added between previous and current frame: current frame: set(), N#:0
Frame number: 186
Products gone between previous and current frame: set(), N#:0
Products added between previous and current frame: current frame: set(), N#:0
Frame number: 187
Products gone between previous and current frame: set(), N#:0
Products added between previous and current frame: current frame: set(), N#:0
Frame number: 188
Products gone between previous and current frame: set(), N#:0
Products added between previous and current frame: current frame: set(), N#:0
Frame number: 189
Products gone between previous and current frame: set(), N#:0
Products added between previous and current frame: current frame: set(), N#:0
Frame number: 190
Products gone between previous and current frame: set(), N#:0
Products added between previous and current frame: current frame: set(), N#:0
Frame number: 191
Products gone between previous and current frame: set(), N#:0
Products added between previous and current frame: current frame: set(), N#:0
Frame number: 192
Products gone between previous and current frame: set(), N#:0
Products added between previous and current frame: current frame: set(), N#:0
Frame number: 193
Products gone between previous and current frame: set(), N#:0
Products added between previous and current frame: current frame: set(), N#:0
Frame number: 194
Products gone between previous and current frame: set(), N#:0
Products added between previous and current frame: current frame: set(), N#:0
Frame number: 195
Products gone between previous and current frame: set(), N#:0
Products added between previous and current frame: current frame: set(), N#:0
Frame number: 196
Products gone between previous and current frame: set(), N#:0
Products added between previous and current frame: current frame: set(), N#:0
Frame number: 197
Products gone between previous and current frame: set(), N#:0
Products added between previous and current frame: current frame: set(), N#:0
Frame number: 198
Products gone between previous and current frame: set(), N#:0
Products added between previous and current frame: current frame: set(), N#:0
Frame number: 199
Products gone between previous and current frame: set(), N#:0
Products added between previous and current frame: current frame: set(), N#:0
Frame number: 200
Products gone between previous and current frame: set(), N#:0
Products added between previous and current frame: current frame: set(), N#:0
Frame number: 201
Products gone between previous and current frame: set(), N#:0
Products added between previous and current frame: current frame: set(), N#:0
Frame number: 202
Products gone between previous and current frame: set(), N#:0
Products added between previous and current frame: current frame: set(), N#:0
Frame number: 203
Products gone between previous and current frame: set(), N#:0
Products added between previous and current frame: current frame: set(), N#:0
Frame number: 204
Products gone between previous and current frame: set(), N#:0
Products added between previous and current frame: current frame: set(), N#:0
Frame number: 205
Products gone between previous and current frame: {'ememes#13'}, N#:1
Products added between previous and current frame: current frame: set(), N#:0
Frame number: 206
Products gone between previous and current frame: set(), N#:0
Products added between previous and current frame: current frame: set(), N#:0
Frame number: 207
Products gone between previous and current frame: set(), N#:0
Products added between previous and current frame: current frame: set(), N#:0
Frame number: 208
Products gone between previous and current frame: set(), N#:0
Products added between previous and current frame: current frame: set(), N#:0
Frame number: 209
Products gone between previous and current frame: set(), N#:0
Products added between previous and current frame: current frame: set(), N#:0
Frame number: 210
Products gone between previous and current frame: set(), N#:0
Products added between previous and current frame: current frame: {'ememes#18'}, N#:1
Frame number: 211
Products gone between previous and current frame: set(), N#:0
Products added between previous and current frame: current frame: set(), N#:0
Frame number: 212
Products gone between previous and current frame: set(), N#:0
Products added between previous and current frame: current frame: set(), N#:0
Frame number: 213
Products gone between previous and current frame: set(), N#:0
Products added between previous and current frame: current frame: set(), N#:0
Frame number: 214
Products gone between previous and current frame: set(), N#:0
Products added between previous and current frame: current frame: set(), N#:0
Frame number: 215
Products gone between previous and current frame: set(), N#:0
Products added between previous and current frame: current frame: set(), N#:0
Frame number: 216
Products gone between previous and current frame: set(), N#:0
Products added between previous and current frame: current frame: set(), N#:0
Frame number: 217
Products gone between previous and current frame: set(), N#:0
Products added between previous and current frame: current frame: set(), N#:0
Frame number: 218
Products gone between previous and current frame: set(), N#:0
Products added between previous and current frame: current frame: set(), N#:0
Frame number: 219
Products gone between previous and current frame: set(), N#:0
Products added between previous and current frame: current frame: set(), N#:0
Frame number: 220
Products gone between previous and current frame: set(), N#:0
Products added between previous and current frame: current frame: set(), N#:0
Frame number: 221
Products gone between previous and current frame: set(), N#:0
Products added between previous and current frame: current frame: set(), N#:0
Frame number: 222
Products gone between previous and current frame: set(), N#:0
Products added between previous and current frame: current frame: set(), N#:0
Frame number: 223
Products gone between previous and current frame: set(), N#:0
Products added between previous and current frame: current frame: set(), N#:0
Frame number: 224
Products gone between previous and current frame: set(), N#:0
Products added between previous and current frame: current frame: set(), N#:0
Frame number: 225
Products gone between previous and current frame: set(), N#:0
Products added between previous and current frame: current frame: set(), N#:0
Frame number: 226
Products gone between previous and current frame: set(), N#:0
Products added between previous and current frame: current frame: set(), N#:0
Frame number: 227
Products gone between previous and current frame: set(), N#:0
Products added between previous and current frame: current frame: set(), N#:0
Frame number: 228
Products gone between previous and current frame: set(), N#:0
Products added between previous and current frame: current frame: set(), N#:0
Frame number: 229
Products gone between previous and current frame: set(), N#:0
Products added between previous and current frame: current frame: set(), N#:0
Frame number: 230
Products gone between previous and current frame: set(), N#:0
Products added between previous and current frame: current frame: set(), N#:0
Frame number: 231
Products gone between previous and current frame: set(), N#:0
Products added between previous and current frame: current frame: set(), N#:0
Frame number: 232
Products gone between previous and current frame: set(), N#:0
Products added between previous and current frame: current frame: set(), N#:0
Frame number: 233
Products gone between previous and current frame: set(), N#:0
Products added between previous and current frame: current frame: set(), N#:0
Frame number: 234
Products gone between previous and current frame: set(), N#:0
Products added between previous and current frame: current frame: set(), N#:0
Frame number: 235
Products gone between previous and current frame: set(), N#:0
Products added between previous and current frame: current frame: set(), N#:0
Frame number: 236
Products gone between previous and current frame: set(), N#:0
Products added between previous and current frame: current frame: set(), N#:0
Frame number: 237
Products gone between previous and current frame: set(), N#:0
Products added between previous and current frame: current frame: set(), N#:0
Frame number: 238
Products gone between previous and current frame: set(), N#:0
Products added between previous and current frame: current frame: set(), N#:0
Frame number: 239
Products gone between previous and current frame: set(), N#:0
Products added between previous and current frame: current frame: set(), N#:0
Frame number: 240
Products gone between previous and current frame: set(), N#:0
Products added between previous and current frame: current frame: set(), N#:0
Frame number: 241
Products gone between previous and current frame: set(), N#:0
Products added between previous and current frame: current frame: set(), N#:0
Frame number: 242
Products gone between previous and current frame: set(), N#:0
Products added between previous and current frame: current frame: set(), N#:0
Frame number: 243
Products gone between previous and current frame: set(), N#:0
Products added between previous and current frame: current frame: set(), N#:0
Frame number: 244
Products gone between previous and current frame: set(), N#:0
Products added between previous and current frame: current frame: set(), N#:0
Frame number: 245
Products gone between previous and current frame: set(), N#:0
Products added between previous and current frame: current frame: set(), N#:0
Frame number: 246
Products gone between previous and current frame: set(), N#:0
Products added between previous and current frame: current frame: set(), N#:0
Frame number: 247
Products gone between previous and current frame: set(), N#:0
Products added between previous and current frame: current frame: set(), N#:0
Frame number: 248
Products gone between previous and current frame: set(), N#:0
Products added between previous and current frame: current frame: set(), N#:0
Frame number: 249
Products gone between previous and current frame: set(), N#:0
Products added between previous and current frame: current frame: set(), N#:0
Frame number: 250
Products gone between previous and current frame: set(), N#:0
Products added between previous and current frame: current frame: set(), N#:0
Frame number: 251
Products gone between previous and current frame: set(), N#:0
Products added between previous and current frame: current frame: set(), N#:0
Frame number: 252
Products gone between previous and current frame: set(), N#:0
Products added between previous and current frame: current frame: set(), N#:0
Frame number: 253
Products gone between previous and current frame: set(), N#:0
Products added between previous and current frame: current frame: set(), N#:0
Frame number: 254
Products gone between previous and current frame: set(), N#:0
Products added between previous and current frame: current frame: set(), N#:0
Frame number: 255
Products gone between previous and current frame: set(), N#:0
Products added between previous and current frame: current frame: set(), N#:0
Frame number: 256
Products gone between previous and current frame: set(), N#:0
Products added between previous and current frame: current frame: set(), N#:0
Frame number: 257
Products gone between previous and current frame: set(), N#:0
Products added between previous and current frame: current frame: set(), N#:0
Frame number: 258
Products gone between previous and current frame: set(), N#:0
Products added between previous and current frame: current frame: set(), N#:0
Frame number: 259
Products gone between previous and current frame: set(), N#:0
Products added between previous and current frame: current frame: set(), N#:0
Frame number: 260
Products gone between previous and current frame: set(), N#:0
Products added between previous and current frame: current frame: set(), N#:0
Frame number: 261
Products gone between previous and current frame: {'ememes#18'}, N#:1
Products added between previous and current frame: current frame: set(), N#:0
Frame number: 262
Products gone between previous and current frame: set(), N#:0
Products added between previous and current frame: current frame: set(), N#:0
Frame number: 263
Products gone between previous and current frame: set(), N#:0
Products added between previous and current frame: current frame: set(), N#:0
Frame number: 264
Products gone between previous and current frame: set(), N#:0
Products added between previous and current frame: current frame: set(), N#:0
Frame number: 265
Products gone between previous and current frame: set(), N#:0
Products added between previous and current frame: current frame: set(), N#:0
Frame number: 266
Products gone between previous and current frame: set(), N#:0
Products added between previous and current frame: current frame: set(), N#:0
Frame number: 267
Products gone between previous and current frame: set(), N#:0
Products added between previous and current frame: current frame: set(), N#:0
Frame number: 268
Products gone between previous and current frame: set(), N#:0
Products added between previous and current frame: current frame: set(), N#:0
Frame number: 269
Products gone between previous and current frame: set(), N#:0
Products added between previous and current frame: current frame: set(), N#:0
Frame number: 270
Products gone between previous and current frame: set(), N#:0
Products added between previous and current frame: current frame: set(), N#:0
Frame number: 271
Products gone between previous and current frame: set(), N#:0
Products added between previous and current frame: current frame: set(), N#:0
Frame number: 272
Products gone between previous and current frame: set(), N#:0
Products added between previous and current frame: current frame: set(), N#:0
Frame number: 273
Products gone between previous and current frame: set(), N#:0
Products added between previous and current frame: current frame: set(), N#:0
Frame number: 274
Products gone between previous and current frame: set(), N#:0
Products added between previous and current frame: current frame: set(), N#:0
Frame number: 275
Products gone between previous and current frame: set(), N#:0
Products added between previous and current frame: current frame: set(), N#:0
Frame number: 276
Products gone between previous and current frame: set(), N#:0
Products added between previous and current frame: current frame: set(), N#:0
Frame number: 277
Products gone between previous and current frame: set(), N#:0
Products added between previous and current frame: current frame: set(), N#:0
Frame number: 278
Products gone between previous and current frame: set(), N#:0
Products added between previous and current frame: current frame: set(), N#:0
Frame number: 279
Products gone between previous and current frame: set(), N#:0
Products added between previous and current frame: current frame: set(), N#:0
Frame number: 280
Products gone between previous and current frame: set(), N#:0
Products added between previous and current frame: current frame: set(), N#:0
Frame number: 281
Products gone between previous and current frame: set(), N#:0
Products added between previous and current frame: current frame: set(), N#:0
Frame number: 282
Products gone between previous and current frame: set(), N#:0
Products added between previous and current frame: current frame: set(), N#:0
Frame number: 283
Products gone between previous and current frame: set(), N#:0
Products added between previous and current frame: current frame: set(), N#:0
Frame number: 284
Products gone between previous and current frame: set(), N#:0
Products added between previous and current frame: current frame: set(), N#:0
Frame number: 285
Products gone between previous and current frame: set(), N#:0
Products added between previous and current frame: current frame: set(), N#:0
Frame number: 286
Products gone between previous and current frame: set(), N#:0
Products added between previous and current frame: current frame: set(), N#:0
Frame number: 287
Products gone between previous and current frame: set(), N#:0
Products added between previous and current frame: current frame: set(), N#:0
Frame number: 288
Products gone between previous and current frame: set(), N#:0
Products added between previous and current frame: current frame: set(), N#:0
Frame number: 289
Products gone between previous and current frame: set(), N#:0
Products added between previous and current frame: current frame: set(), N#:0
Frame number: 290
Products gone between previous and current frame: set(), N#:0
Products added between previous and current frame: current frame: set(), N#:0
Frame number: 291
Products gone between previous and current frame: set(), N#:0
Products added between previous and current frame: current frame: set(), N#:0
Frame number: 292
Products gone between previous and current frame: set(), N#:0
Products added between previous and current frame: current frame: set(), N#:0
Frame number: 293
Products gone between previous and current frame: set(), N#:0
Products added between previous and current frame: current frame: set(), N#:0
Frame number: 294
Products gone between previous and current frame: set(), N#:0
Products added between previous and current frame: current frame: set(), N#:0
Frame number: 295
Products gone between previous and current frame: set(), N#:0
Products added between previous and current frame: current frame: set(), N#:0
Frame number: 296
Products gone between previous and current frame: set(), N#:0
Products added between previous and current frame: current frame: set(), N#:0
Frame number: 297
Products gone between previous and current frame: set(), N#:0
Products added between previous and current frame: current frame: set(), N#:0
Frame number: 298
Products gone between previous and current frame: set(), N#:0
Products added between previous and current frame: current frame: set(), N#:0
Frame number: 299
Products gone between previous and current frame: set(), N#:0
Products added between previous and current frame: current frame: set(), N#:0
Frame number: 300
Products gone between previous and current frame: set(), N#:0
Products added between previous and current frame: current frame: set(), N#:0
Frame number: 301
Products gone between previous and current frame: set(), N#:0
Products added between previous and current frame: current frame: set(), N#:0
Frame number: 302
Products gone between previous and current frame: set(), N#:0
Products added between previous and current frame: current frame: set(), N#:0
Frame number: 303
Products gone between previous and current frame: set(), N#:0
Products added between previous and current frame: current frame: set(), N#:0
Frame number: 304
Products gone between previous and current frame: set(), N#:0
Products added between previous and current frame: current frame: set(), N#:0
Frame number: 305
Products gone between previous and current frame: set(), N#:0
Products added between previous and current frame: current frame: set(), N#:0
Frame number: 306
Products gone between previous and current frame: set(), N#:0
Products added between previous and current frame: current frame: set(), N#:0
Frame number: 307
Products gone between previous and current frame: set(), N#:0
Products added between previous and current frame: current frame: set(), N#:0
Frame number: 308
Products gone between previous and current frame: set(), N#:0
Products added between previous and current frame: current frame: set(), N#:0
Frame number: 309
Products gone between previous and current frame: set(), N#:0
Products added between previous and current frame: current frame: set(), N#:0
Frame number: 310
Products gone between previous and current frame: set(), N#:0
Products added between previous and current frame: current frame: set(), N#:0
Frame number: 311
Products gone between previous and current frame: set(), N#:0
Products added between previous and current frame: current frame: set(), N#:0
Frame number: 312
Products gone between previous and current frame: set(), N#:0
Products added between previous and current frame: current frame: set(), N#:0
Frame number: 313
Products gone between previous and current frame: set(), N#:0
Products added between previous and current frame: current frame: set(), N#:0
Frame number: 314
Products gone between previous and current frame: set(), N#:0
Products added between previous and current frame: current frame: set(), N#:0
Frame number: 315
Products gone between previous and current frame: set(), N#:0
Products added between previous and current frame: current frame: set(), N#:0
Frame number: 316
Products gone between previous and current frame: set(), N#:0
Products added between previous and current frame: current frame: set(), N#:0
Frame number: 317
Products gone between previous and current frame: set(), N#:0
Products added between previous and current frame: current frame: set(), N#:0
Frame number: 318
Products gone between previous and current frame: set(), N#:0
Products added between previous and current frame: current frame: set(), N#:0
Frame number: 319
Products gone between previous and current frame: set(), N#:0
Products added between previous and current frame: current frame: set(), N#:0
Frame number: 320
Products gone between previous and current frame: set(), N#:0
Products added between previous and current frame: current frame: set(), N#:0
Frame number: 321
Products gone between previous and current frame: set(), N#:0
Products added between previous and current frame: current frame: set(), N#:0
Frame number: 322
Products gone between previous and current frame: set(), N#:0
Products added between previous and current frame: current frame: set(), N#:0
Frame number: 323
Products gone between previous and current frame: set(), N#:0
Products added between previous and current frame: current frame: set(), N#:0
Frame number: 324
Products gone between previous and current frame: set(), N#:0
Products added between previous and current frame: current frame: set(), N#:0
Frame number: 325
Products gone between previous and current frame: set(), N#:0
Products added between previous and current frame: current frame: set(), N#:0
Frame number: 326
Products gone between previous and current frame: set(), N#:0
Products added between previous and current frame: current frame: set(), N#:0
Frame number: 327
Products gone between previous and current frame: set(), N#:0
Products added between previous and current frame: current frame: set(), N#:0
Frame number: 328
Products gone between previous and current frame: set(), N#:0
Products added between previous and current frame: current frame: set(), N#:0
Frame number: 329
Products gone between previous and current frame: set(), N#:0
Products added between previous and current frame: current frame: set(), N#:0
Frame number: 330
Products gone between previous and current frame: set(), N#:0
Products added between previous and current frame: current frame: set(), N#:0
Frame number: 331
Products gone between previous and current frame: set(), N#:0
Products added between previous and current frame: current frame: set(), N#:0
Frame number: 332
Products gone between previous and current frame: set(), N#:0
Products added between previous and current frame: current frame: set(), N#:0
Frame number: 333
Products gone between previous and current frame: set(), N#:0
Products added between previous and current frame: current frame: set(), N#:0
Frame number: 334
Frame number: 335
Frame number: 336
Frame number: 337
Frame number: 338
Frame number: 339
Frame number: 340
Frame number: 341
Frame number: 342
Frame number: 343
Frame number: 344
Frame number: 345
Frame number: 346
Frame number: 347
Frame number: 348
Frame number: 349
Frame number: 350
Frame number: 351
Frame number: 352
Frame number: 353
Frame number: 354
Frame number: 355
Frame number: 356
Frame number: 357
Frame number: 358
Frame number: 359
Frame number: 360
Frame number: 361
Frame number: 362
Frame number: 363
Frame number: 364
Frame number: 365
Frame number: 366
Frame number: 367
Frame number: 368
Frame number: 369
Frame number: 370
Frame number: 371
